<?xml version="1.0" encoding="UTF-8"?>
<!-- Generated by org.testng.reporters.JUnitXMLReporter -->
<testsuite ignored="0" hostname="DESKTOP-QJ010BO" failures="1" tests="34" name="EmployeesRestAPITest" time="26.1" errors="0" timestamp="2023-01-03T17:24:01 IST">
  <testcase classname="com.employeeapi.testcases.TC001_Get_All_Employees" name="checkContentCoding" time="0.028"/>
  <testcase classname="com.employeeapi.testcases.TC001_Get_All_Employees" name="checkContentLength" time="0.005">
    <failure type="java.lang.NumberFormatException" message="null">
      <![CDATA[java.lang.NumberFormatException: null
at java.base/java.lang.Integer.parseInt(Integer.java:614)
at java.base/java.lang.Integer.parseInt(Integer.java:770)
at com.employeeapi.testcases.TC001_Get_All_Employees.checkContentLength(TC001_Get_All_Employees.java:109)
at java.base/java.util.ArrayList.forEach(ArrayList.java:1511)
... Removed 27 stack frames]]>
    </failure>
  </testcase> <!-- checkContentLength -->
  <testcase classname="com.employeeapi.testcases.TC001_Get_All_Employees" name="checkContentType" time="0.028"/>
  <testcase classname="com.employeeapi.testcases.TC001_Get_All_Employees" name="checkCookies" time="0.005"/>
  <testcase classname="com.employeeapi.testcases.TC001_Get_All_Employees" name="checkResponseBody" time="0.012"/>
  <testcase classname="com.employeeapi.testcases.TC001_Get_All_Employees" name="checkResponseTime" time="0.01"/>
  <testcase classname="com.employeeapi.testcases.TC001_Get_All_Employees" name="checkServerType" time="0.003"/>
  <testcase classname="com.employeeapi.testcases.TC001_Get_All_Employees" name="checkStatusCode" time="0.004"/>
  <testcase classname="com.employeeapi.testcases.TC001_Get_All_Employees" name="checkStatusLine" time="0.003"/>
  <testcase classname="com.employeeapi.testcases.TC002_Get_Single_Employee_Record" name="checkContentLength" time="0.006"/>
  <testcase classname="com.employeeapi.testcases.TC002_Get_Single_Employee_Record" name="checkContentType" time="0.005"/>
  <testcase classname="com.employeeapi.testcases.TC002_Get_Single_Employee_Record" name="checkResponseBody" time="0.009"/>
  <testcase classname="com.employeeapi.testcases.TC002_Get_Single_Employee_Record" name="checkResponseTime" time="0.015"/>
  <testcase classname="com.employeeapi.testcases.TC002_Get_Single_Employee_Record" name="checkServerType" time="0.003"/>
  <testcase classname="com.employeeapi.testcases.TC002_Get_Single_Employee_Record" name="checkStatusLine" time="0.006"/>
  <testcase classname="com.employeeapi.testcases.TC002_Get_Single_Employee_Record" name="checkStatuscode" time="0.002"/>
  <testcase classname="com.employeeapi.testcases.TC003_Post_Employee_Record" name="checkContentEncoding" time="0.005"/>
  <testcase classname="com.employeeapi.testcases.TC003_Post_Employee_Record" name="checkContentType" time="0.004"/>
  <testcase classname="com.employeeapi.testcases.TC003_Post_Employee_Record" name="checkResponseBody" time="0.008"/>
  <testcase classname="com.employeeapi.testcases.TC003_Post_Employee_Record" name="checkServerType" time="0.005"/>
  <testcase classname="com.employeeapi.testcases.TC003_Post_Employee_Record" name="checkStatusCode" time="0.002"/>
  <testcase classname="com.employeeapi.testcases.TC003_Post_Employee_Record" name="checkStatusLine" time="0.004"/>
  <testcase classname="com.employeeapi.testcases.TC004_Put_Employee_Record" name="checkContentEncoding" time="0.003"/>
  <testcase classname="com.employeeapi.testcases.TC004_Put_Employee_Record" name="checkContentType" time="0.023"/>
  <testcase classname="com.employeeapi.testcases.TC004_Put_Employee_Record" name="checkResponseBody" time="0.007"/>
  <testcase classname="com.employeeapi.testcases.TC004_Put_Employee_Record" name="checkServerType" time="0.005"/>
  <testcase classname="com.employeeapi.testcases.TC004_Put_Employee_Record" name="checkStatusCode" time="0.001"/>
  <testcase classname="com.employeeapi.testcases.TC004_Put_Employee_Record" name="checkStatusLine" time="0.008"/>
  <testcase classname="com.employeeapi.testcases.TC005_Delete_Employee_Record" name="checkContentEncoding" time="0.003"/>
  <testcase classname="com.employeeapi.testcases.TC005_Delete_Employee_Record" name="checkContentType" time="0.003"/>
  <testcase classname="com.employeeapi.testcases.TC005_Delete_Employee_Record" name="checkResponseBody" time="0.006"/>
  <testcase classname="com.employeeapi.testcases.TC005_Delete_Employee_Record" name="checkServerType" time="0.004"/>
  <testcase classname="com.employeeapi.testcases.TC005_Delete_Employee_Record" name="checkStatusCode" time="0.003"/>
  <testcase classname="com.employeeapi.testcases.TC005_Delete_Employee_Record" name="checkStatusLine" time="0.004"/>
</testsuite> <!-- EmployeesRestAPITest -->
